#
# There is insufficient memory for the Java Runtime Environment to continue.
# Native memory allocation (malloc) failed to allocate 151616 bytes for Chunk::new
# Possible reasons:
#   The system is out of physical RAM or swap space
#   In 32 bit mode, the process size limit was hit
# Possible solutions:
#   Reduce memory load on the system
#   Increase physical memory or swap space
#   Check if swap backing store is full
#   Use 64 bit Java on a 64 bit OS
#   Decrease Java heap size (-Xmx/-Xms)
#   Decrease number of Java threads
#   Decrease Java thread stack sizes (-Xss)
#   Set larger code cache with -XX:ReservedCodeCacheSize=
# This output file may be truncated or incomplete.
#
#  Out of Memory Error (allocation.cpp:390), pid=13148, tid=0x0000000000002c28
#
# JRE version: OpenJDK Runtime Environment (8.0_76-b03) (build 1.8.0_76-release-b03)
# Java VM: OpenJDK 64-Bit Server VM (25.76-b03 mixed mode windows-amd64 compressed oops)
# Failed to write core dump. Minidumps are not enabled by default on client versions of Windows
#

---------------  T H R E A D  ---------------

Current thread (0x0000000014b3c000):  JavaThread "C2 CompilerThread0" daemon [_thread_in_native, id=11304, stack(0x0000000016090000,0x0000000016190000)]

Stack: [0x0000000016090000,0x0000000016190000]
[error occurred during error reporting (printing stack bounds), id 0xc0000005]

Native frames: (J=compiled Java code, j=interpreted, Vv=VM code, C=native code)


Current CompileTask:
C2:   1406  863       4       com.android.dx.ssa.SsaMethod::deleteInsns (239 bytes)


---------------  P R O C E S S  ---------------

Java Threads: ( => current thread )
  0x0000000016388000 JavaThread "pool-2-thread-4" [_thread_in_Java, id=10184, stack(0x0000000016d90000,0x0000000016e90000)]
  0x0000000016387800 JavaThread "pool-2-thread-3" [_thread_in_vm, id=14264, stack(0x0000000016c90000,0x0000000016d90000)]
  0x0000000016372000 JavaThread "pool-2-thread-2" [_thread_in_Java, id=9084, stack(0x0000000016b90000,0x0000000016c90000)]
  0x0000000016380800 JavaThread "pool-3-thread-1" [_thread_blocked, id=14072, stack(0x0000000016a90000,0x0000000016b90000)]
  0x0000000016380000 JavaThread "pool-2-thread-1" [_thread_in_Java, id=11340, stack(0x0000000016990000,0x0000000016a90000)]
  0x00000000161ee800 JavaThread "Service Thread" daemon [_thread_blocked, id=13052, stack(0x0000000016790000,0x0000000016890000)]
  0x00000000161e5000 JavaThread "C1 CompilerThread2" daemon [_thread_in_native, id=10136, stack(0x0000000016690000,0x0000000016790000)]
  0x00000000161e2800 JavaThread "C2 CompilerThread1" daemon [_thread_in_native, id=12452, stack(0x0000000016590000,0x0000000016690000)]
=>0x0000000014b3c000 JavaThread "C2 CompilerThread0" daemon [_thread_in_native, id=11304, stack(0x0000000016090000,0x0000000016190000)]
  0x0000000014b3b000 JavaThread "Attach Listener" daemon [_thread_blocked, id=13196, stack(0x0000000015f90000,0x0000000016090000)]
  0x0000000014b87000 JavaThread "Signal Dispatcher" daemon [_thread_blocked, id=11792, stack(0x0000000015e90000,0x0000000015f90000)]
  0x000000000245b000 JavaThread "Finalizer" daemon [_thread_blocked, id=11232, stack(0x0000000015d90000,0x0000000015e90000)]
  0x0000000014af6800 JavaThread "Reference Handler" daemon [_thread_blocked, id=14116, stack(0x0000000015c90000,0x0000000015d90000)]
  0x0000000002360800 JavaThread "main" [_thread_in_Java, id=9500, stack(0x0000000002260000,0x0000000002360000)]

Other Threads:
  0x0000000014af4800 VMThread [stack: 0x0000000015b90000,0x0000000015c90000] [id=10696]
  0x00000000161f1000 WatcherThread [stack: 0x0000000016890000,0x0000000016990000] [id=5464]

VM state:not at safepoint (normal execution)

VM Mutex/Monitor currently owned by a thread: None

Heap:
 PSYoungGen      total 17920K, used 10289K [0x00000000eab00000, 0x00000000ebf00000, 0x0000000100000000)
  eden space 15360K, 66% used [0x00000000eab00000,0x00000000eb50c5b0,0x00000000eba00000)
  from space 2560K, 0% used [0x00000000eba00000,0x00000000eba00000,0x00000000ebc80000)
  to   space 2560K, 0% used [0x00000000ebc80000,0x00000000ebc80000,0x00000000ebf00000)
 ParOldGen       total 28672K, used 2218K [0x00000000c0000000, 0x00000000c1c00000, 0x00000000eab00000)
  object space 28672K, 7% used [0x00000000c0000000,0x00000000c022abe0,0x00000000c1c00000)
 Metaspace       used 5635K, capacity 6704K, committed 6784K, reserved 1058816K
  class space    used 563K, capacity 616K, committed 640K, reserved 1048576K

Card table byte_map: [0x0000000011820000,0x0000000011a30000] byte_map_base: 0x0000000011220000

Marking Bits: (ParMarkBitMap*) 0x0000000057239d00
 Begin Bits: [0x0000000011f90000, 0x0000000012f90000)
 End Bits:   [0x0000000012f90000, 0x0000000013f90000)

Polling page: 0x0000000000550000

CodeCache: size=245760Kb used=3192Kb max_used=3203Kb free=242567Kb
 bounds [0x0000000002460000, 0x0000000002790000, 0x0000000011460000]
 total_blobs=1106 nmethods=842 adapters=178
 compilation: enabled

Compilation events (10 events):
Event: 1.378 Thread 0x00000000161e5000  836   !   3       com.android.dx.cf.code.RopperMachine::run (1550 bytes)
Event: 1.378 Thread 0x00000000161e2800  856       4       com.android.dx.rop.code.RegisterSpec::access$600 (7 bytes)
Event: 1.389 Thread 0x0000000014b3c000 nmethod 855 0x000000000277c890 code [0x000000000277c9e0, 0x000000000277ceb8]
Event: 1.389 Thread 0x0000000014b3c000  863       4       com.android.dx.ssa.SsaMethod::deleteInsns (239 bytes)
Event: 1.390 Thread 0x00000000161e2800 nmethod 856 0x0000000002782dd0 code [0x0000000002782f20, 0x00000000027833b8]
Event: 1.391 Thread 0x00000000161e2800  868  s    4       java.util.Vector::add (39 bytes)
Event: 1.395 Thread 0x00000000161e2800 nmethod 868 0x0000000002783810 code [0x0000000002783960, 0x0000000002783d28]
Event: 1.395 Thread 0x00000000161e2800  870       4       com.android.dx.ssa.NormalSsaInsn::hasSideEffect (76 bytes)
Event: 1.399 Thread 0x00000000161e2800 nmethod 870 0x000000000276e690 code [0x000000000276e7e0, 0x000000000276e958]
Event: 1.399 Thread 0x00000000161e2800  871       4       java.lang.Long::numberOfTrailingZeros (116 bytes)

GC Heap History (4 events):
Event: 0.953 GC heap before
{Heap before GC invocations=1 (full 0):
 PSYoungGen      total 17920K, used 8023K [0x00000000eab00000, 0x00000000ebf00000, 0x0000000100000000)
  eden space 15360K, 52% used [0x00000000eab00000,0x00000000eb2d5f78,0x00000000eba00000)
  from space 2560K, 0% used [0x00000000ebc80000,0x00000000ebc80000,0x00000000ebf00000)
  to   space 2560K, 0% used [0x00000000eba00000,0x00000000eba00000,0x00000000ebc80000)
 ParOldGen       total 40960K, used 0K [0x00000000c0000000, 0x00000000c2800000, 0x00000000eab00000)
  object space 40960K, 0% used [0x00000000c0000000,0x00000000c0000000,0x00000000c2800000)
 Metaspace       used 4713K, capacity 5872K, committed 6016K, reserved 1060864K
  class space    used 501K, capacity 552K, committed 640K, reserved 1048576K
Event: 0.977 GC heap after
Heap after GC invocations=1 (full 0):
 PSYoungGen      total 17920K, used 2395K [0x00000000eab00000, 0x00000000ebf00000, 0x0000000100000000)
  eden space 15360K, 0% used [0x00000000eab00000,0x00000000eab00000,0x00000000eba00000)
  from space 2560K, 93% used [0x00000000eba00000,0x00000000ebc56f38,0x00000000ebc80000)
  to   space 2560K, 0% used [0x00000000ebc80000,0x00000000ebc80000,0x00000000ebf00000)
 ParOldGen       total 40960K, used 8K [0x00000000c0000000, 0x00000000c2800000, 0x00000000eab00000)
  object space 40960K, 0% used [0x00000000c0000000,0x00000000c0002000,0x00000000c2800000)
 Metaspace       used 4713K, capacity 5872K, committed 6016K, reserved 1060864K
  class space    used 501K, capacity 552K, committed 640K, reserved 1048576K
}
Event: 0.977 GC heap before
{Heap before GC invocations=2 (full 1):
 PSYoungGen      total 17920K, used 2395K [0x00000000eab00000, 0x00000000ebf00000, 0x0000000100000000)
  eden space 15360K, 0% used [0x00000000eab00000,0x00000000eab00000,0x00000000eba00000)
  from space 2560K, 93% used [0x00000000eba00000,0x00000000ebc56f38,0x00000000ebc80000)
  to   space 2560K, 0% used [0x00000000ebc80000,0x00000000ebc80000,0x00000000ebf00000)
 ParOldGen       total 40960K, used 8K [0x00000000c0000000, 0x00000000c2800000, 0x00000000eab00000)
  object space 40960K, 0% used [0x00000000c0000000,0x00000000c0002000,0x00000000c2800000)
 Metaspace       used 4713K, capacity 5872K, committed 6016K, reserved 1060864K
  class space    used 501K, capacity 552K, committed 640K, reserved 1048576K
Event: 1.027 GC heap after
Heap after GC invocations=2 (full 1):
 PSYoungGen      total 17920K, used 0K [0x00000000eab00000, 0x00000000ebf00000, 0x0000000100000000)
  eden space 15360K, 0% used [0x00000000eab00000,0x00000000eab00000,0x00000000eba00000)
  from space 2560K, 0% used [0x00000000eba00000,0x00000000eba00000,0x00000000ebc80000)
  to   space 2560K, 0% used [0x00000000ebc80000,0x00000000ebc80000,0x00000000ebf00000)
 ParOldGen       total 28672K, used 2218K [0x00000000c0000000, 0x00000000c1c00000, 0x00000000eab00000)
  object space 28672K, 7% used [0x00000000c0000000,0x00000000c022abe0,0x00000000c1c00000)
 Metaspace       used 4713K, capacity 5872K, committed 6016K, reserved 1058816K
  class space    used 501K, capacity 552K, committed 640K, reserved 1048576K
}

Deoptimization events (3 events):
Event: 1.218 Thread 0x0000000016372000 Uncommon trap: reason=unstable_if action=reinterpret pc=0x000000000265e5bc method=java.util.HashMap.getNode(ILjava/lang/Object;)Ljava/util/HashMap$Node; @ 62
Event: 1.252 Thread 0x0000000016388000 Uncommon trap: reason=class_check action=maybe_recompile pc=0x00000000026a2170 method=com.android.dx.ssa.NormalSsaInsn.accept(Lcom/android/dx/ssa/SsaInsn$Visitor;)V @ 9
Event: 1.371 Thread 0x0000000016388000 Uncommon trap: reason=unstable_if action=reinterpret pc=0x000000000266c770 method=java.util.BitSet.nextSetBit(I)I @ 87

Internal exceptions (2 events):
Event: 0.105 Thread 0x0000000002360800 Exception <a 'java/lang/NoSuchMethodError': Method sun.misc.Unsafe.defineClass(Ljava/lang/String;[BII)Ljava/lang/Class; name or signature does not match> (0x00000000eab07cc0) thrown at [C:\src\android\AOSP-openjdk\external\jetbrains\jdk\hotspot\src\share\v—Â?­»?
Event: 0.106 Thread 0x0000000002360800 Exception <a 'java/lang/NoSuchMethodError': Method sun.misc.Unsafe.prefetchRead(Ljava/lang/Object;J)V name or signature does not match> (0x00000000eab07fa8) thrown at [C:\src\android\AOSP-openjdk\external\jetbrains\jdk\hotspot\src\share\vm\prims\jni.cpp, l

Events (10 events):
Event: 1.235 loading class java/util/DualPivotQuicksort
Event: 1.236 loading class java/util/DualPivotQuicksort done
Event: 1.252 Thread 0x0000000016388000 Uncommon trap: trap_request=0xffffffde fr.pc=0x00000000026a2170
Event: 1.252 Thread 0x0000000016388000 DEOPT PACKING pc=0x00000000026a2170 sp=0x0000000016e8e6e0
Event: 1.252 Thread 0x0000000016388000 DEOPT UNPACKING pc=0x00000000024a556a sp=0x0000000016e8e670 mode 2
Event: 1.365 loading class com/android/dx/cf/attrib/AttEnclosingMethod
Event: 1.365 loading class com/android/dx/cf/attrib/AttEnclosingMethod done
Event: 1.371 Thread 0x0000000016388000 Uncommon trap: trap_request=0xffffff65 fr.pc=0x000000000266c770
Event: 1.371 Thread 0x0000000016388000 DEOPT PACKING pc=0x000000000266c770 sp=0x0000000016e8e920
Event: 1.371 Thread 0x0000000016388000 DEOPT UNPACKING pc=0x00000000024a556a sp=0x0000000016e8e8b8 mode 2


Dynamic libraries:
0x00007ff662500000 - 0x00007ff662531000 	C:\Program Files\Android\Android Studio\jre\bin\java.exe
0x00007ffe3acd0000 - 0x00007ffe3ae7d000 	C:\WINDOWS\SYSTEM32\ntdll.dll
0x00007ffe3aa70000 - 0x00007ffe3abae000 	C:\WINDOWS\system32\KERNEL32.DLL
0x00007ffe37f70000 - 0x00007ffe38085000 	C:\WINDOWS\system32\KERNELBASE.dll
0x00007ffe388f0000 - 0x00007ffe3899a000 	C:\WINDOWS\system32\ADVAPI32.dll
0x00007ffe38410000 - 0x00007ffe38587000 	C:\WINDOWS\system32\USER32.dll
0x00007ffe34260000 - 0x00007ffe344db000 	C:\WINDOWS\WinSxS\amd64_microsoft.windows.common-controls_6595b64144ccf1df_6.0.9600.18006_none_623f33d3ecbe86e8\COMCTL32.dll
0x00007ffe3abb0000 - 0x00007ffe3ac5a000 	C:\WINDOWS\system32\msvcrt.dll
0x00007ffe389a0000 - 0x00007ffe389f9000 	C:\WINDOWS\SYSTEM32\sechost.dll
0x00007ffe385b0000 - 0x00007ffe386f0000 	C:\WINDOWS\system32\RPCRT4.dll
0x00007ffe3a920000 - 0x00007ffe3aa6f000 	C:\WINDOWS\system32\GDI32.dll
0x00007ffe38090000 - 0x00007ffe380be000 	C:\WINDOWS\system32\SspiCli.dll
0x00007ffe38d20000 - 0x00007ffe38d56000 	C:\WINDOWS\system32\IMM32.DLL
0x00007ffe38a00000 - 0x00007ffe38b52000 	C:\WINDOWS\system32\MSCTF.dll
0x00000000555b0000 - 0x0000000055682000 	C:\Program Files\Android\Android Studio\jre\jre\bin\msvcr100.dll
0x0000000056a80000 - 0x00000000572b4000 	C:\Program Files\Android\Android Studio\jre\jre\bin\server\jvm.dll
0x00007ffe2fbf0000 - 0x00007ffe2fbf9000 	C:\WINDOWS\SYSTEM32\WSOCK32.dll
0x00007ffe31280000 - 0x00007ffe312a2000 	C:\WINDOWS\SYSTEM32\WINMM.dll
0x00007ffe30350000 - 0x00007ffe3035a000 	C:\WINDOWS\SYSTEM32\VERSION.dll
0x00007ffe3acc0000 - 0x00007ffe3acc7000 	C:\WINDOWS\system32\PSAPI.DLL
0x00007ffe3ac60000 - 0x00007ffe3acba000 	C:\WINDOWS\system32\WS2_32.dll
0x00007ffe31250000 - 0x00007ffe3127a000 	C:\WINDOWS\SYSTEM32\WINMMBASE.dll
0x00007ffe3a4a0000 - 0x00007ffe3a4a9000 	C:\WINDOWS\system32\NSI.dll
0x00007ffe380c0000 - 0x00007ffe3810f000 	C:\WINDOWS\SYSTEM32\cfgmgr32.dll
0x00007ffe36c20000 - 0x00007ffe36c48000 	C:\WINDOWS\SYSTEM32\DEVOBJ.dll
0x00007ffe36a30000 - 0x00007ffe36a3f000 	C:\Program Files\Android\Android Studio\jre\jre\bin\verify.dll
0x00007ffe36870000 - 0x00007ffe36899000 	C:\Program Files\Android\Android Studio\jre\jre\bin\java.dll
0x00007ffe36900000 - 0x00007ffe36916000 	C:\Program Files\Android\Android Studio\jre\jre\bin\zip.dll
0x00007ffe38eb0000 - 0x00007ffe3a3d8000 	C:\WINDOWS\system32\SHELL32.dll
0x00007ffe3a700000 - 0x00007ffe3a911000 	C:\WINDOWS\SYSTEM32\combase.dll
0x00007ffe38e50000 - 0x00007ffe38ea4000 	C:\WINDOWS\system32\SHLWAPI.dll
0x00007ffe347a0000 - 0x00007ffe34852000 	C:\WINDOWS\SYSTEM32\SHCORE.dll
0x00007ffe37df0000 - 0x00007ffe37e05000 	C:\WINDOWS\SYSTEM32\profapi.dll

VM Arguments:
jvm_args: -Djava.awt.headless=true -Xmx1024M -Dfile.encoding=x-windows-949 -Duser.country=KR -Duser.language=ko -Duser.variant 
java_command: com.android.dx.command.Main --dex --force-jumbo --num-threads=4 --multi-dex --output C:\tmp\T02.02-Exercise-AddMenu\app\intermediates\transforms\dex\debug\folders\1000\10\internal_impl-25.0.1_f8befb9adbb3c776ea87b84d8efbc689d158d1ea C:\tmp\T02.02-Exercise-AddMenu\app\intermediates\exploded-aar\com.android.support\support-media-compat\25.0.1\jars\libs\internal_impl-25.0.1.jar
java_class_path (initial): C:\Users\Daisy\Android\sdk\build-tools\25.0.1\lib\dx.jar
Launcher Type: SUN_STANDARD

Environment Variables:
JAVA_HOME=C:\Program Files\Java\jdk1.8.0_101
CLASSPATH=C:\Program Files\Java\jdk1.8.0_101\lib
PATH=C:\Python27\;C:\Python27\Scripts;C:\ProgramData\Oracle\Java\javapath;C:\Program Files (x86)\Intel\iCLS Client\;C:\Program Files\Intel\iCLS Client\;C:\WINDOWS\system32;C:\WINDOWS;C:\WINDOWS\System32\Wbem;C:\WINDOWS\System32\WindowsPowerShell\v1.0\;C:\Program Files\Intel\Intel(R) Management Engine Components\DAL;C:\Program Files\Intel\Intel(R) Management Engine Components\IPT;C:\Program Files (x86)\Intel\Intel(R) Management Engine Components\DAL;C:\Program Files (x86)\Intel\Intel(R) Management Engine Components\IPT;C:\Program Files (x86)\Intel\OpenCL SDK\2.0\bin\x86;C:\Program Files (x86)\Intel\OpenCL SDK\2.0\bin\x64;C:\Program Files (x86)\Windows Live\Shared;C:\Program Files\Condusiv Technologies\IntelliMemory\;C:\Program Files\Java\jdk1.8.0_101\bin;C:\Program Files\Microsoft SQL Server\130\Tools\Binn\;C:\Program Files\Intel\WiFi\bin\;C:\Program Files\Common Files\Intel\WirelessCommon\;C:\Program Files\Git\cmd;C:\Python35\Scripts\;C:\Python35\
USERNAME=Daisy
OS=Windows_NT
PROCESSOR_IDENTIFIER=Intel64 Family 6 Model 58 Stepping 9, GenuineIntel



---------------  S Y S T E M  ---------------

OS: Windows 8.1 , 64 bit Build 9600 (6.3.9600.17415)

CPU:total 4 (2 cores per cpu, 2 threads per core) family 6 model 58 stepping 9, cmov, cx8, fxsr, mmx, sse, sse2, sse3, ssse3, sse4.1, sse4.2, popcnt, avx, clmul, erms, ht, tsc, tscinvbit, tscinv

Memory: 4k page, physical 3806752k(211668k free), swap 15341092k(9500k free)

vm_info: OpenJDK 64-Bit Server VM (25.76-b03) for windows-amd64 JRE (1.8.0_76-release-b03), built on Jun 29 2016 19:09:20 by "ralucas" with MS VC++ 10.0 (VS2010)

time: Sun Jan 01 17:10:41 2017
elapsed time: 1 seconds (0d 0h 0m 1s)

